{"D:\\Project\\v-element\\packages\\components\\index.ts": {"path":"D:\\Project\\v-element\\packages\\components\\index.ts","all":true,"statementMap":{"0":{"start":{"line":1,"column":0},"end":{"line":1,"column":24}},"1":{"start":{"line":2,"column":0},"end":{"line":2,"column":22}}},"s":{"0":0,"1":0},"branchMap":{"0":{"type":"branch","line":1,"loc":{"start":{"line":1,"column":0},"end":{"line":2,"column":-12}},"locations":[{"start":{"line":1,"column":0},"end":{"line":2,"column":-12}}]}},"b":{"0":[0]},"fnMap":{"0":{"name":"(empty-report)","decl":{"start":{"line":1,"column":0},"end":{"line":2,"column":-12}},"loc":{"start":{"line":1,"column":0},"end":{"line":2,"column":-12}},"line":1}},"f":{"0":0}}
,"D:\\Project\\v-element\\packages\\components\\Button\\Button.vue": {"path":"D:\\Project\\v-element\\packages\\components\\Button\\Button.vue","all":false,"statementMap":{"0":{"start":{"line":1,"column":0},"end":{"line":1,"column":24}},"1":{"start":{"line":2,"column":0},"end":{"line":2,"column":39}},"2":{"start":{"line":3,"column":0},"end":{"line":3,"column":68}},"3":{"start":{"line":4,"column":0},"end":{"line":4,"column":37}},"4":{"start":{"line":5,"column":0},"end":{"line":5,"column":50}},"5":{"start":{"line":6,"column":0},"end":{"line":6,"column":37}},"6":{"start":{"line":7,"column":0},"end":{"line":7,"column":0}},"7":{"start":{"line":8,"column":0},"end":{"line":8,"column":15}},"8":{"start":{"line":9,"column":0},"end":{"line":9,"column":19}},"9":{"start":{"line":10,"column":0},"end":{"line":10,"column":3}},"10":{"start":{"line":11,"column":0},"end":{"line":11,"column":55}},"11":{"start":{"line":12,"column":0},"end":{"line":12,"column":17}},"12":{"start":{"line":13,"column":0},"end":{"line":13,"column":24}},"13":{"start":{"line":14,"column":0},"end":{"line":14,"column":21}},"14":{"start":{"line":15,"column":0},"end":{"line":15,"column":24}},"15":{"start":{"line":16,"column":0},"end":{"line":16,"column":3}},"16":{"start":{"line":17,"column":0},"end":{"line":17,"column":40}},"17":{"start":{"line":18,"column":0},"end":{"line":18,"column":0}},"18":{"start":{"line":19,"column":0},"end":{"line":19,"column":28}},"19":{"start":{"line":20,"column":0},"end":{"line":20,"column":47}},"20":{"start":{"line":21,"column":0},"end":{"line":21,"column":0}},"21":{"start":{"line":22,"column":0},"end":{"line":22,"column":38}},"22":{"start":{"line":23,"column":0},"end":{"line":23,"column":58}},"23":{"start":{"line":24,"column":0},"end":{"line":24,"column":57}},"24":{"start":{"line":25,"column":0},"end":{"line":25,"column":69}},"25":{"start":{"line":26,"column":0},"end":{"line":26,"column":34}},"26":{"start":{"line":27,"column":0},"end":{"line":27,"column":43}},"27":{"start":{"line":28,"column":0},"end":{"line":28,"column":2}},"28":{"start":{"line":29,"column":0},"end":{"line":29,"column":0}},"29":{"start":{"line":30,"column":0},"end":{"line":30,"column":57}},"30":{"start":{"line":31,"column":0},"end":{"line":31,"column":95}},"31":{"start":{"line":32,"column":0},"end":{"line":32,"column":0}},"32":{"start":{"line":33,"column":0},"end":{"line":33,"column":30}},"33":{"start":{"line":34,"column":0},"end":{"line":34,"column":12}},"34":{"start":{"line":35,"column":0},"end":{"line":35,"column":2}},"35":{"start":{"line":36,"column":0},"end":{"line":36,"column":9}},"36":{"start":{"line":37,"column":0},"end":{"line":37,"column":0}},"37":{"start":{"line":38,"column":0},"end":{"line":38,"column":10}},"38":{"start":{"line":39,"column":0},"end":{"line":39,"column":14}},"39":{"start":{"line":40,"column":0},"end":{"line":40,"column":23}},"40":{"start":{"line":41,"column":0},"end":{"line":41,"column":30}},"41":{"start":{"line":42,"column":0},"end":{"line":42,"column":18}},"42":{"start":{"line":43,"column":0},"end":{"line":43,"column":25}},"43":{"start":{"line":44,"column":0},"end":{"line":44,"column":50}},"44":{"start":{"line":45,"column":0},"end":{"line":45,"column":51}},"45":{"start":{"line":46,"column":0},"end":{"line":46,"column":17}},"46":{"start":{"line":47,"column":0},"end":{"line":47,"column":40}},"47":{"start":{"line":48,"column":0},"end":{"line":48,"column":40}},"48":{"start":{"line":49,"column":0},"end":{"line":49,"column":29}},"49":{"start":{"line":50,"column":0},"end":{"line":50,"column":29}},"50":{"start":{"line":51,"column":0},"end":{"line":51,"column":31}},"51":{"start":{"line":52,"column":0},"end":{"line":52,"column":35}},"52":{"start":{"line":53,"column":0},"end":{"line":53,"column":32}},"53":{"start":{"line":54,"column":0},"end":{"line":54,"column":10}},"54":{"start":{"line":55,"column":0},"end":{"line":55,"column":35}},"55":{"start":{"line":56,"column":0},"end":{"line":56,"column":67}},"56":{"start":{"line":57,"column":0},"end":{"line":57,"column":10}},"57":{"start":{"line":58,"column":0},"end":{"line":58,"column":5}},"58":{"start":{"line":59,"column":0},"end":{"line":59,"column":33}},"59":{"start":{"line":60,"column":0},"end":{"line":60,"column":33}},"60":{"start":{"line":61,"column":0},"end":{"line":61,"column":24}},"61":{"start":{"line":62,"column":0},"end":{"line":62,"column":38}},"62":{"start":{"line":63,"column":0},"end":{"line":63,"column":40}},"63":{"start":{"line":64,"column":0},"end":{"line":64,"column":52}},"64":{"start":{"line":65,"column":0},"end":{"line":65,"column":29}},"65":{"start":{"line":66,"column":0},"end":{"line":66,"column":24}},"66":{"start":{"line":67,"column":0},"end":{"line":67,"column":27}},"67":{"start":{"line":68,"column":0},"end":{"line":68,"column":19}},"68":{"start":{"line":69,"column":0},"end":{"line":69,"column":19}},"69":{"start":{"line":70,"column":0},"end":{"line":70,"column":17}},"70":{"start":{"line":71,"column":0},"end":{"line":71,"column":35}},"71":{"start":{"line":72,"column":0},"end":{"line":72,"column":24}},"72":{"start":{"line":73,"column":0},"end":{"line":73,"column":21}},"73":{"start":{"line":74,"column":0},"end":{"line":74,"column":29}},"74":{"start":{"line":75,"column":0},"end":{"line":75,"column":10}},"75":{"start":{"line":76,"column":0},"end":{"line":76,"column":0}},"76":{"start":{"line":77,"column":0},"end":{"line":77,"column":21}},"77":{"start":{"line":78,"column":0},"end":{"line":78,"column":16}},"78":{"start":{"line":79,"column":0},"end":{"line":79,"column":11}},"79":{"start":{"line":80,"column":0},"end":{"line":80,"column":0}},"80":{"start":{"line":81,"column":0},"end":{"line":81,"column":14}},"81":{"start":{"line":82,"column":0},"end":{"line":82,"column":22}},"82":{"start":{"line":83,"column":0},"end":{"line":83,"column":8}}},"s":{"0":1,"1":1,"2":1,"3":1,"4":1,"5":1,"6":1,"7":1,"8":1,"9":1,"10":1,"11":1,"12":1,"13":1,"14":1,"15":1,"16":1,"17":1,"18":1,"19":1,"20":1,"21":1,"22":1,"23":1,"24":1,"25":1,"26":3,"27":1,"28":1,"29":1,"30":1,"31":1,"32":1,"33":1,"34":1,"35":1,"36":1,"37":1,"38":1,"39":1,"40":1,"41":1,"42":1,"43":1,"44":1,"45":1,"46":1,"47":1,"48":1,"49":1,"50":1,"51":1,"52":1,"53":1,"54":1,"55":1,"56":1,"57":1,"58":1,"59":43,"60":43,"61":43,"62":43,"63":43,"64":43,"65":43,"66":43,"67":43,"68":43,"69":43,"70":43,"71":1,"72":1,"73":1,"74":43,"75":43,"76":43,"77":1,"78":1,"79":1,"80":1,"81":1,"82":1},"branchMap":{"0":{"type":"branch","line":23,"loc":{"start":{"line":23,"column":22},"end":{"line":23,"column":56}},"locations":[{"start":{"line":23,"column":22},"end":{"line":23,"column":56}}]},"1":{"type":"branch","line":23,"loc":{"start":{"line":23,"column":27},"end":{"line":23,"column":40}},"locations":[{"start":{"line":23,"column":27},"end":{"line":23,"column":40}}]},"2":{"type":"branch","line":23,"loc":{"start":{"line":23,"column":32},"end":{"line":23,"column":54}},"locations":[{"start":{"line":23,"column":32},"end":{"line":23,"column":54}}]},"3":{"type":"branch","line":23,"loc":{"start":{"line":23,"column":46},"end":{"line":23,"column":56}},"locations":[{"start":{"line":23,"column":46},"end":{"line":23,"column":56}}]},"4":{"type":"branch","line":24,"loc":{"start":{"line":24,"column":22},"end":{"line":24,"column":56}},"locations":[{"start":{"line":24,"column":22},"end":{"line":24,"column":56}}]},"5":{"type":"branch","line":24,"loc":{"start":{"line":24,"column":27},"end":{"line":24,"column":40}},"locations":[{"start":{"line":24,"column":27},"end":{"line":24,"column":40}}]},"6":{"type":"branch","line":24,"loc":{"start":{"line":24,"column":32},"end":{"line":24,"column":54}},"locations":[{"start":{"line":24,"column":32},"end":{"line":24,"column":54}}]},"7":{"type":"branch","line":24,"loc":{"start":{"line":24,"column":46},"end":{"line":24,"column":56}},"locations":[{"start":{"line":24,"column":46},"end":{"line":24,"column":56}}]},"8":{"type":"branch","line":25,"loc":{"start":{"line":25,"column":26},"end":{"line":25,"column":68}},"locations":[{"start":{"line":25,"column":26},"end":{"line":25,"column":68}}]},"9":{"type":"branch","line":25,"loc":{"start":{"line":25,"column":31},"end":{"line":25,"column":48}},"locations":[{"start":{"line":25,"column":31},"end":{"line":25,"column":48}}]},"10":{"type":"branch","line":25,"loc":{"start":{"line":25,"column":36},"end":{"line":25,"column":66}},"locations":[{"start":{"line":25,"column":36},"end":{"line":25,"column":66}}]},"11":{"type":"branch","line":25,"loc":{"start":{"line":25,"column":54},"end":{"line":25,"column":68}},"locations":[{"start":{"line":25,"column":54},"end":{"line":25,"column":68}}]},"12":{"type":"branch","line":26,"loc":{"start":{"line":26,"column":27},"end":{"line":28,"column":1}},"locations":[{"start":{"line":26,"column":27},"end":{"line":28,"column":1}}]},"13":{"type":"branch","line":27,"loc":{"start":{"line":27,"column":22},"end":{"line":27,"column":38}},"locations":[{"start":{"line":27,"column":22},"end":{"line":27,"column":38}}]},"14":{"type":"branch","line":27,"loc":{"start":{"line":27,"column":30},"end":{"line":27,"column":43}},"locations":[{"start":{"line":27,"column":30},"end":{"line":27,"column":43}}]},"15":{"type":"branch","line":30,"loc":{"start":{"line":30,"column":23},"end":{"line":30,"column":57}},"locations":[{"start":{"line":30,"column":23},"end":{"line":30,"column":57}}]},"16":{"type":"branch","line":44,"loc":{"start":{"line":44,"column":18},"end":{"line":44,"column":40}},"locations":[{"start":{"line":44,"column":18},"end":{"line":44,"column":40}}]},"17":{"type":"branch","line":44,"loc":{"start":{"line":44,"column":30},"end":{"line":44,"column":50}},"locations":[{"start":{"line":44,"column":30},"end":{"line":44,"column":50}}]},"18":{"type":"branch","line":45,"loc":{"start":{"line":45,"column":19},"end":{"line":45,"column":38}},"locations":[{"start":{"line":45,"column":19},"end":{"line":45,"column":38}}]},"19":{"type":"branch","line":45,"loc":{"start":{"line":45,"column":31},"end":{"line":45,"column":51}},"locations":[{"start":{"line":45,"column":31},"end":{"line":45,"column":51}}]},"20":{"type":"branch","line":45,"loc":{"start":{"line":45,"column":38},"end":{"line":45,"column":51}},"locations":[{"start":{"line":45,"column":38},"end":{"line":45,"column":51}}]},"21":{"type":"branch","line":55,"loc":{"start":{"line":55,"column":14},"end":{"line":55,"column":35}},"locations":[{"start":{"line":55,"column":14},"end":{"line":55,"column":35}}]},"22":{"type":"branch","line":59,"loc":{"start":{"line":59,"column":8},"end":{"line":77,"column":21}},"locations":[{"start":{"line":59,"column":8},"end":{"line":77,"column":21}}]},"23":{"type":"branch","line":71,"loc":{"start":{"line":71,"column":18},"end":{"line":71,"column":35}},"locations":[{"start":{"line":71,"column":18},"end":{"line":71,"column":35}}]},"24":{"type":"branch","line":71,"loc":{"start":{"line":71,"column":27},"end":{"line":74,"column":29}},"locations":[{"start":{"line":71,"column":27},"end":{"line":74,"column":29}}]},"25":{"type":"branch","line":74,"loc":{"start":{"line":74,"column":12},"end":{"line":74,"column":29}},"locations":[{"start":{"line":74,"column":12},"end":{"line":74,"column":29}}]}},"b":{"0":[43],"1":[20],"2":[37],"3":[34],"4":[43],"5":[20],"6":[33],"7":[27],"8":[43],"9":[20],"10":[23],"11":[0],"12":[3],"13":[1],"14":[2],"15":[4],"16":[42],"17":[1],"18":[39],"19":[7],"20":[36],"21":[4],"22":[43],"23":[1],"24":[1],"25":[42]},"fnMap":{"0":{"name":"handleBtnClick","decl":{"start":{"line":30,"column":23},"end":{"line":30,"column":57}},"loc":{"start":{"line":30,"column":23},"end":{"line":30,"column":57}},"line":30},"1":{"name":"__vite_ssr_import_5__.createBlock.onClick._cache.<computed>._cache.<computed>","decl":{"start":{"line":55,"column":14},"end":{"line":55,"column":35}},"loc":{"start":{"line":55,"column":14},"end":{"line":55,"column":35}},"line":55}},"f":{"0":4,"1":4}}
,"D:\\Project\\v-element\\packages\\components\\Button\\ButtonGroup.vue": {"path":"D:\\Project\\v-element\\packages\\components\\Button\\ButtonGroup.vue","all":false,"statementMap":{"0":{"start":{"line":1,"column":0},"end":{"line":1,"column":24}},"1":{"start":{"line":2,"column":0},"end":{"line":2,"column":48}},"2":{"start":{"line":3,"column":0},"end":{"line":3,"column":42}},"3":{"start":{"line":4,"column":0},"end":{"line":4,"column":50}},"4":{"start":{"line":5,"column":0},"end":{"line":5,"column":0}},"5":{"start":{"line":6,"column":0},"end":{"line":6,"column":15}},"6":{"start":{"line":7,"column":0},"end":{"line":7,"column":25}},"7":{"start":{"line":8,"column":0},"end":{"line":8,"column":25}},"8":{"start":{"line":9,"column":0},"end":{"line":9,"column":3}},"9":{"start":{"line":10,"column":0},"end":{"line":10,"column":46}},"10":{"start":{"line":11,"column":0},"end":{"line":11,"column":0}},"11":{"start":{"line":12,"column":0},"end":{"line":12,"column":39}},"12":{"start":{"line":13,"column":0},"end":{"line":13,"column":27}},"13":{"start":{"line":14,"column":0},"end":{"line":14,"column":27}},"14":{"start":{"line":15,"column":0},"end":{"line":15,"column":34}},"15":{"start":{"line":16,"column":0},"end":{"line":16,"column":3}},"16":{"start":{"line":17,"column":0},"end":{"line":17,"column":9}},"17":{"start":{"line":18,"column":0},"end":{"line":18,"column":0}},"18":{"start":{"line":19,"column":0},"end":{"line":19,"column":10}},"19":{"start":{"line":20,"column":0},"end":{"line":20,"column":33}},"20":{"start":{"line":21,"column":0},"end":{"line":21,"column":21}},"21":{"start":{"line":22,"column":0},"end":{"line":22,"column":10}},"22":{"start":{"line":23,"column":0},"end":{"line":23,"column":11}},"23":{"start":{"line":24,"column":0},"end":{"line":24,"column":0}},"24":{"start":{"line":25,"column":0},"end":{"line":25,"column":14}},"25":{"start":{"line":26,"column":0},"end":{"line":26,"column":21}},"26":{"start":{"line":27,"column":0},"end":{"line":27,"column":8}}},"s":{"0":1,"1":1,"2":1,"3":1,"4":1,"5":1,"6":1,"7":1,"8":1,"9":1,"10":1,"11":1,"12":1,"13":1,"14":1,"15":1,"16":1,"17":1,"18":1,"19":1,"20":1,"21":1,"22":1,"23":1,"24":1,"25":1,"26":1},"branchMap":{},"b":{},"fnMap":{},"f":{}}
,"D:\\Project\\v-element\\packages\\components\\Button\\constans.ts": {"path":"D:\\Project\\v-element\\packages\\components\\Button\\constans.ts","all":false,"statementMap":{"0":{"start":{"line":1,"column":0},"end":{"line":1,"column":40}},"1":{"start":{"line":2,"column":0},"end":{"line":2,"column":56}},"2":{"start":{"line":3,"column":0},"end":{"line":3,"column":0}},"3":{"start":{"line":4,"column":0},"end":{"line":4,"column":77}},"4":{"start":{"line":5,"column":0},"end":{"line":5,"column":26}},"5":{"start":{"line":6,"column":0},"end":{"line":6,"column":2}}},"s":{"0":1,"1":1,"2":1,"3":1,"4":1,"5":1},"branchMap":{},"b":{},"fnMap":{},"f":{}}
,"D:\\Project\\v-element\\packages\\components\\Button\\index.ts": {"path":"D:\\Project\\v-element\\packages\\components\\Button\\index.ts","all":true,"statementMap":{"0":{"start":{"line":1,"column":0},"end":{"line":1,"column":33}},"1":{"start":{"line":2,"column":0},"end":{"line":2,"column":43}},"2":{"start":{"line":3,"column":0},"end":{"line":3,"column":50}},"3":{"start":{"line":4,"column":0},"end":{"line":4,"column":0}},"4":{"start":{"line":5,"column":0},"end":{"line":5,"column":43}},"5":{"start":{"line":6,"column":0},"end":{"line":6,"column":53}},"6":{"start":{"line":7,"column":0},"end":{"line":7,"column":0}},"7":{"start":{"line":8,"column":0},"end":{"line":8,"column":23}}},"s":{"0":0,"1":0,"2":0,"3":0,"4":0,"5":0,"6":0,"7":0},"branchMap":{"0":{"type":"branch","line":1,"loc":{"start":{"line":1,"column":259},"end":{"line":8,"column":23}},"locations":[{"start":{"line":1,"column":259},"end":{"line":8,"column":23}}]}},"b":{"0":[0]},"fnMap":{"0":{"name":"(empty-report)","decl":{"start":{"line":1,"column":259},"end":{"line":8,"column":23}},"loc":{"start":{"line":1,"column":259},"end":{"line":8,"column":23}},"line":1}},"f":{"0":0}}
,"D:\\Project\\v-element\\packages\\components\\Icon\\Icon.vue": {"path":"D:\\Project\\v-element\\packages\\components\\Icon\\Icon.vue","all":false,"statementMap":{"0":{"start":{"line":1,"column":0},"end":{"line":1,"column":24}},"1":{"start":{"line":2,"column":0},"end":{"line":2,"column":41}},"2":{"start":{"line":3,"column":0},"end":{"line":3,"column":61}},"3":{"start":{"line":4,"column":0},"end":{"line":4,"column":31}},"4":{"start":{"line":5,"column":0},"end":{"line":5,"column":31}},"5":{"start":{"line":6,"column":0},"end":{"line":6,"column":0}},"6":{"start":{"line":7,"column":0},"end":{"line":7,"column":15}},"7":{"start":{"line":8,"column":0},"end":{"line":8,"column":18}},"8":{"start":{"line":9,"column":0},"end":{"line":9,"column":22}},"9":{"start":{"line":10,"column":0},"end":{"line":10,"column":3}},"10":{"start":{"line":11,"column":0},"end":{"line":11,"column":0}},"11":{"start":{"line":12,"column":0},"end":{"line":12,"column":38}},"12":{"start":{"line":13,"column":0},"end":{"line":13,"column":62}},"13":{"start":{"line":14,"column":0},"end":{"line":14,"column":64}},"14":{"start":{"line":15,"column":0},"end":{"line":15,"column":9}},"15":{"start":{"line":16,"column":0},"end":{"line":16,"column":0}},"16":{"start":{"line":17,"column":0},"end":{"line":17,"column":10}},"17":{"start":{"line":18,"column":0},"end":{"line":18,"column":6}},"18":{"start":{"line":19,"column":0},"end":{"line":19,"column":23}},"19":{"start":{"line":20,"column":0},"end":{"line":20,"column":44}},"20":{"start":{"line":21,"column":0},"end":{"line":21,"column":29}},"21":{"start":{"line":22,"column":0},"end":{"line":22,"column":23}},"22":{"start":{"line":23,"column":0},"end":{"line":23,"column":5}},"23":{"start":{"line":24,"column":0},"end":{"line":24,"column":68}},"24":{"start":{"line":25,"column":0},"end":{"line":25,"column":8}},"25":{"start":{"line":26,"column":0},"end":{"line":26,"column":11}},"26":{"start":{"line":27,"column":0},"end":{"line":27,"column":0}},"27":{"start":{"line":28,"column":0},"end":{"line":28,"column":14}},"28":{"start":{"line":29,"column":0},"end":{"line":29,"column":22}},"29":{"start":{"line":30,"column":0},"end":{"line":30,"column":8}}},"s":{"0":1,"1":1,"2":1,"3":1,"4":1,"5":1,"6":1,"7":1,"8":1,"9":1,"10":1,"11":1,"12":1,"13":1,"14":1,"15":1,"16":1,"17":1,"18":1,"19":1,"20":1,"21":1,"22":1,"23":1,"24":1,"25":1,"26":1,"27":1,"28":1,"29":1},"branchMap":{},"b":{},"fnMap":{},"f":{}}
,"D:\\Project\\v-element\\packages\\components\\Icon\\index.ts": {"path":"D:\\Project\\v-element\\packages\\components\\Icon\\index.ts","all":true,"statementMap":{"0":{"start":{"line":1,"column":0},"end":{"line":1,"column":29}},"1":{"start":{"line":2,"column":0},"end":{"line":2,"column":50}},"2":{"start":{"line":3,"column":0},"end":{"line":3,"column":0}},"3":{"start":{"line":4,"column":0},"end":{"line":4,"column":39}},"4":{"start":{"line":5,"column":0},"end":{"line":5,"column":0}},"5":{"start":{"line":6,"column":0},"end":{"line":6,"column":23}}},"s":{"0":0,"1":0,"2":0,"3":0,"4":0,"5":0},"branchMap":{"0":{"type":"branch","line":1,"loc":{"start":{"line":1,"column":151},"end":{"line":6,"column":23}},"locations":[{"start":{"line":1,"column":151},"end":{"line":6,"column":23}}]}},"b":{"0":[0]},"fnMap":{"0":{"name":"(empty-report)","decl":{"start":{"line":1,"column":151},"end":{"line":6,"column":23}},"loc":{"start":{"line":1,"column":151},"end":{"line":6,"column":23}},"line":1}},"f":{"0":0}}
}
